# this is the list of forecasts to be processed
SEAS51,SST,nino34,UCSB,PRCP,sadc,CCA,seas,both,0
#METEOFRANCE8,SST,nino34,UCSB,PRCP,sadc,CCA,seas,both,0
#SEAS51,SST,nino34,UCSB,PRCP,sadc,CCA,mon,both,0
#METEOFRANCE8,SST,nino34,UCSB,PRCP,sadc,CCA,mon,both,0
#GCFS2p1,SST,nino34,UCSB,PRCP,sadc,CCA,both,0
#SPSv3p5,SST,nino34,UCSB,PRCP,sadc,CCA,both,0
#SPEAR,SST,nino34,UCSB,PRCP,sadc,CCA,both,0
#CCSM4,SST,nino34,UCSB,PRCP,sadc,CCA,both,0
#GEOSS2S,SST,nino34,UCSB,PRCP,sadc,CCA,both,0
#CFSv2,SST,nino34,UCSB,PRCP,sadc,CCA,both,0
#CanSIPSIC3,SST,nino34,UCSB,PRCP,sadc,CCA,both,0
#
#SEAS51,SST,global,UCSB,PRCP,sadc,CCA,both,0
#METEOFRANCE8,SST,global,UCSB,PRCP,sadc,CCA,both,0
#GCFS2p1,SST,global,UCSB,PRCP,sadc,CCA,both,0
#SPSv3p5,SST,global,UCSB,PRCP,sadc,CCA,both,0
#SPEAR,SST,global,UCSB,PRCP,sadc,CCA,both,0
#CCSM4,SST,global,UCSB,PRCP,sadc,CCA,both,0
#GEOSS2S,SST,global,UCSB,PRCP,sadc,CCA,both,0
#CFSv2,SST,global,UCSB,PRCP,sadc,CCA,both,0
#CanSIPSIC3,SST,global,UCSB,PRCP,sadc,CCA,both,0
#
#SEAS51,PRCP,sadc,UCSB,PRCP,sadc,CCA,both,0
#METEOFRANCE8,PRCP,sadc,UCSB,PRCP,sadc,CCA,both,0
#GCFS2p1,PRCP,sadc,UCSB,PRCP,sadc,CCA,both,0
#SPSv3p5,PRCP,sadc,UCSB,PRCP,sadc,CCA,both,0
#SPEAR,PRCP,sadc,UCSB,PRCP,sadc,CCA,both,0
#CCSM4,PRCP,sadc,UCSB,PRCP,sadc,CCA,both,0
#GEOSS2S,PRCP,sadc,UCSB,PRCP,sadc,CCA,both,0
#CFSv2,PRCP,sadc,UCSB,PRCP,sadc,CCA,both,0
#CanSIPSIC3,PRCP,sadc,UCSB,PRCP,sadc,CCA,both,0
#
#SEAS51,GPH,saf,UCSB,PRCP,sadc,CCA,both,0
#METEOFRANCE8,GPH,saf,UCSB,PRCP,sadc,CCA,both,0
#GCFS2p1,GPH,saf,UCSB,PRCP,sadc,CCA,both,0
#SPSv3p5,GPH,saf,UCSB,PRCP,sadc,CCA,both,0
#SPEAR,GPH,saf,UCSB,PRCP,sadc,CCA,both,0
#CCSM4,GPH,saf,UCSB,PRCP,sadc,CCA,both,0
#GEOSS2S,GPH,saf,UCSB,PRCP,sadc,CCA,both,0
#CFSv2,GPH,saf,UCSB,PRCP,sadc,CCA,both,0
#CanSIPSIC3,GPH,saf,UCSB,PRCP,sadc,CCA,both,0
